{
  "RSpec": {
    "coverage": {
      "/home/wendellopes/project/udemy/blog-with-capibara/app/controllers/articles_controller.rb": {
        "lines": [
          1,
          1,
          null,
          null,
          1,
          1,
          null,
          null,
          1,
          1,
          1,
          1,
          null,
          null,
          null,
          1,
          null,
          0,
          null,
          null,
          null,
          1,
          null,
          1,
          1,
          null,
          null
        ]
      },
      "/home/wendellopes/project/udemy/blog-with-capibara/app/controllers/application_controller.rb": {
        "lines": [
          1,
          null
        ]
      },
      "/home/wendellopes/project/udemy/blog-with-capibara/app/models/article.rb": {
        "lines": [
          1,
          null
        ]
      },
      "/home/wendellopes/project/udemy/blog-with-capibara/app/models/application_record.rb": {
        "lines": [
          1,
          1,
          null
        ]
      }
    },
    "timestamp": 1670078238
  }
}
